<?xml version="1.0" encoding="UTF-8"?>
<testng-results ignored="0" total="1" passed="1" failed="0" skipped="0">
  <reporter-output>
  </reporter-output>
  <suite started-at="2024-05-26T18:12:10 BST" name="Default Suite" finished-at="2024-05-26T18:13:29 BST" duration-ms="78910">
    <groups>
    </groups>
    <test started-at="2024-05-26T18:12:10 BST" name="PLT_Automation_Task_Demo" finished-at="2024-05-26T18:13:29 BST" duration-ms="78910">
      <class name="Demo.PLT_Automation_Task.testsuite.CheckOutPageTest">
        <test-method is-config="true" signature="setUp()[pri:0, instance:Demo.PLT_Automation_Task.testsuite.CheckOutPageTest@35047d03]" started-at="2024-05-26T18:12:10 BST" name="setUp" finished-at="2024-05-26T18:12:12 BST" duration-ms="2633" status="PASS">
          <reporter-output>
          </reporter-output>
        </test-method> <!-- setUp -->
        <test-method is-config="true" signature="inIt()[pri:0, instance:Demo.PLT_Automation_Task.testsuite.CheckOutPageTest@35047d03]" started-at="2024-05-26T18:12:12 BST" name="inIt" finished-at="2024-05-26T18:12:13 BST" duration-ms="31" status="PASS">
          <reporter-output>
          </reporter-output>
        </test-method> <!-- inIt -->
        <test-method signature="verifyUserSuccessfullyAbleToCheckOut()[pri:0, instance:Demo.PLT_Automation_Task.testsuite.CheckOutPageTest@35047d03]" started-at="2024-05-26T18:12:13 BST" name="verifyUserSuccessfullyAbleToCheckOut" finished-at="2024-05-26T18:13:28 BST" duration-ms="75968" status="PASS">
          <reporter-output>
          </reporter-output>
        </test-method> <!-- verifyUserSuccessfullyAbleToCheckOut -->
        <test-method is-config="true" signature="tearDown()[pri:0, instance:Demo.PLT_Automation_Task.testsuite.CheckOutPageTest@35047d03]" started-at="2024-05-26T18:13:28 BST" name="tearDown" finished-at="2024-05-26T18:13:29 BST" duration-ms="245" status="PASS">
          <reporter-output>
          </reporter-output>
        </test-method> <!-- tearDown -->
      </class> <!-- Demo.PLT_Automation_Task.testsuite.CheckOutPageTest -->
    </test> <!-- PLT_Automation_Task_Demo -->
  </suite> <!-- Default Suite -->
</testng-results>
